<?xml version="1.0" encoding="UTF-8"?>
<testsuite xmlns:xsi="http://www.w3.org/2001/XMLSchema-instance" xsi:noNamespaceSchemaLocation="https://maven.apache.org/surefire/maven-surefire-plugin/xsd/surefire-test-report.xsd" name="com.example.basic.BasicApplicationTests" time="10.274" tests="4" errors="0" skipped="0" failures="0">
  <properties>
[...]
</properties>
  <testcase name="saveUserTest" classname="com.example.basic.BasicApplicationTests" time="0.261"/>
  <testcase name="allUserTest" classname="com.example.basic.BasicApplicationTests" time="0.023"/>
  <testcase name="delUserTest" classname="com.example.basic.BasicApplicationTests" time="0.012"/>
  <testcase name="getUserTest" classname="com.example.basic.BasicApplicationTests" time="0.019"/>
</testsuite>